<?xml version="1.0" encoding="UTF-8"?>
<!-- Generated by org.testng.reporters.JUnitXMLReporter -->
<testsuite ignored="0" hostname="IN-1YD1BK3" failures="0" tests="4" name="Zee News Regression Suite" time="245.199" errors="0" timestamp="2022-09-28T11:39:35 IST">
  <testcase classname="com.zee.backend.TestWebPageSpeed" name="test01_ValidatePageSpeedOfArticleForWeb" time="107.627"/>
  <testcase classname="com.zee.backend.TestWebPageSpeed" name="test02_ValidatePageSpeedOfVideoForWeb" time="64.03"/>
  <testcase classname="com.zee.backend.TestWebPageSpeed" name="test03_ValidatePageSpeedOfPhotosForWeb" time="62.511"/>
  <testcase classname="com.zee.backend.TestWebPageSpeed" name="writeDataInExcel" time="0.139"/>
</testsuite> <!-- Zee News Regression Suite -->
